2026-03-06T04:29:40.221Z washington: A war between washington and napoleon resulted in a draw.
2026-03-06T04:30:21.155Z washington: napoleon won the war against washington.
2026-03-06T14:36:04.733Z washington: The art of war is simple enough. Find out where your enemy is. Get at him as soon as you can. Strike him as hard as you can, and keep moving on.
2026-03-06T14:36:04.740Z washington: It is well that war is so terrible, otherwise we should grow too fond of it.
2026-03-06T14:36:04.741Z washington: It is well that war is so terrible, otherwise we should grow too fond of it.
2026-03-06T14:36:04.744Z washington: The hardest thing of all for a soldier is to retreat.
2026-03-06T14:36:04.745Z washington: A soldier will fight long and hard for a bit of colored ribbon.
2026-03-06T14:36:04.746Z washington: The art of war is simple enough. Find out where your enemy is. Get at him as soon as you can. Strike him as hard as you can, and keep moving on.
2026-03-06T14:36:04.748Z washington: All warfare is based on deception.
2026-03-06T14:36:04.749Z washington: A soldier will fight long and hard for a bit of colored ribbon.
2026-03-06T14:36:04.750Z washington: The hardest thing of all for a soldier is to retreat.
2026-03-06T14:36:04.751Z washington: The art of war is simple enough. Find out where your enemy is. Get at him as soon as you can. Strike him as hard as you can, and keep moving on.
2026-03-06T14:36:04.753Z washington: All warfare is based on deception.
2026-03-06T14:36:04.754Z washington: Never interrupt your enemy when he is making a mistake.
2026-03-06T14:36:04.755Z washington: A soldier will fight long and hard for a bit of colored ribbon.
2026-03-06T14:36:04.756Z washington: Never interrupt your enemy when he is making a mistake.
2026-03-06T14:36:04.757Z washington: The hardest thing of all for a soldier is to retreat.
2026-03-06T14:36:04.758Z washington: The hardest thing of all for a soldier is to retreat.
2026-03-06T14:36:04.759Z washington: All warfare is based on deception.
2026-03-06T14:36:04.760Z washington: All warfare is based on deception.
2026-03-06T14:36:04.761Z washington: All warfare is based on deception.
2026-03-06T14:36:04.761Z washington: The hardest thing of all for a soldier is to retreat.
2026-03-06T14:36:04.762Z washington: All warfare is based on deception.
2026-03-06T14:36:04.763Z washington: It is well that war is so terrible, otherwise we should grow too fond of it.
2026-03-06T14:36:04.763Z washington: All warfare is based on deception.
2026-03-06T14:36:04.764Z washington: Never interrupt your enemy when he is making a mistake.
2026-03-06T14:36:04.765Z washington: The hardest thing of all for a soldier is to retreat.
2026-03-06T14:39:22.430Z washington: A soldier will fight long and hard for a bit of colored ribbon.
2026-03-06T14:39:22.434Z washington: The art of war is simple enough. Find out where your enemy is. Get at him as soon as you can. Strike him as hard as you can, and keep moving on.
2026-03-06T14:39:22.435Z washington: It is well that war is so terrible, otherwise we should grow too fond of it.
2026-03-06T14:39:22.437Z washington: A soldier will fight long and hard for a bit of colored ribbon.
2026-03-06T14:39:22.438Z washington: All warfare is based on deception.
2026-03-06T14:39:22.440Z washington: All warfare is based on deception.
2026-03-06T14:39:22.441Z washington: The art of war is simple enough. Find out where your enemy is. Get at him as soon as you can. Strike him as hard as you can, and keep moving on.
2026-03-06T14:39:22.442Z washington: The hardest thing of all for a soldier is to retreat.
2026-03-06T14:39:22.443Z washington: It is well that war is so terrible, otherwise we should grow too fond of it.
2026-03-06T14:39:22.444Z washington: All warfare is based on deception.
2026-03-06T14:39:22.445Z washington: Never interrupt your enemy when he is making a mistake.
2026-03-06T14:39:22.446Z washington: It is well that war is so terrible, otherwise we should grow too fond of it.
2026-03-06T14:39:22.448Z washington: It is well that war is so terrible, otherwise we should grow too fond of it.
2026-03-06T14:39:22.448Z washington: All warfare is based on deception.
2026-03-06T14:39:22.449Z washington: All warfare is based on deception.
2026-03-06T14:39:22.451Z washington: The art of war is simple enough. Find out where your enemy is. Get at him as soon as you can. Strike him as hard as you can, and keep moving on.
2026-03-06T14:39:22.454Z washington: Never interrupt your enemy when he is making a mistake.
2026-03-06T14:39:22.454Z washington: The art of war is simple enough. Find out where your enemy is. Get at him as soon as you can. Strike him as hard as you can, and keep moving on.
2026-03-06T14:39:22.455Z washington: The art of war is simple enough. Find out where your enemy is. Get at him as soon as you can. Strike him as hard as you can, and keep moving on.
2026-03-06T14:39:22.456Z washington: A soldier will fight long and hard for a bit of colored ribbon.
2026-03-06T14:39:22.456Z washington: The hardest thing of all for a soldier is to retreat.
2026-03-06T14:39:22.457Z washington: Never interrupt your enemy when he is making a mistake.
2026-03-06T14:39:22.458Z washington: The art of war is simple enough. Find out where your enemy is. Get at him as soon as you can. Strike him as hard as you can, and keep moving on.
2026-03-06T14:39:22.458Z washington: A soldier will fight long and hard for a bit of colored ribbon.
2026-03-06T14:39:22.459Z washington: It is well that war is so terrible, otherwise we should grow too fond of it.
2026-03-06T14:39:22.460Z washington: All warfare is based on deception.
2026-03-06T14:39:22.461Z washington: The hardest thing of all for a soldier is to retreat.
2026-03-06T14:39:22.461Z washington: A soldier will fight long and hard for a bit of colored ribbon.
2026-03-06T14:39:22.462Z washington: A soldier will fight long and hard for a bit of colored ribbon.
2026-03-06T14:39:22.463Z washington: All warfare is based on deception.
2026-03-06T14:39:22.464Z washington: It is well that war is so terrible, otherwise we should grow too fond of it.
2026-03-06T14:39:22.465Z washington: A soldier will fight long and hard for a bit of colored ribbon.
2026-03-06T14:39:22.466Z washington: It is well that war is so terrible, otherwise we should grow too fond of it.
2026-03-06T14:39:22.467Z washington: A soldier will fight long and hard for a bit of colored ribbon.
2026-03-06T14:39:22.467Z washington: Never interrupt your enemy when he is making a mistake.
2026-03-06T14:39:22.468Z washington: Never interrupt your enemy when he is making a mistake.
2026-03-06T14:39:22.468Z washington: Never interrupt your enemy when he is making a mistake.
2026-03-06T14:39:22.469Z washington: The art of war is simple enough. Find out where your enemy is. Get at him as soon as you can. Strike him as hard as you can, and keep moving on.
2026-03-06T14:39:22.469Z washington: The hardest thing of all for a soldier is to retreat.
2026-03-06T14:39:22.470Z washington: The hardest thing of all for a soldier is to retreat.
2026-03-06T14:39:22.470Z washington: The art of war is simple enough. Find out where your enemy is. Get at him as soon as you can. Strike him as hard as you can, and keep moving on.
2026-03-06T14:39:22.471Z washington: It is well that war is so terrible, otherwise we should grow too fond of it.
2026-03-06T14:39:22.471Z washington: Never interrupt your enemy when he is making a mistake.
2026-03-06T14:39:22.472Z washington: The art of war is simple enough. Find out where your enemy is. Get at him as soon as you can. Strike him as hard as you can, and keep moving on.
2026-03-06T14:39:22.472Z washington: It is well that war is so terrible, otherwise we should grow too fond of it.
2026-03-06T14:39:22.473Z washington: It is well that war is so terrible, otherwise we should grow too fond of it.
2026-03-06T14:39:22.474Z washington: A soldier will fight long and hard for a bit of colored ribbon.
2026-03-06T14:39:22.474Z washington: A soldier will fight long and hard for a bit of colored ribbon.
2026-03-06T14:39:22.474Z washington: The hardest thing of all for a soldier is to retreat.
2026-03-06T14:39:22.475Z washington: It is well that war is so terrible, otherwise we should grow too fond of it.
2026-03-06T14:39:22.475Z washington: It is well that war is so terrible, otherwise we should grow too fond of it.
2026-03-06T14:39:22.476Z washington: The hardest thing of all for a soldier is to retreat.
2026-03-06T14:39:22.476Z washington: The hardest thing of all for a soldier is to retreat.
2026-03-06T14:39:22.477Z washington: The art of war is simple enough. Find out where your enemy is. Get at him as soon as you can. Strike him as hard as you can, and keep moving on.
2026-03-06T14:39:22.477Z washington: The art of war is simple enough. Find out where your enemy is. Get at him as soon as you can. Strike him as hard as you can, and keep moving on.
2026-03-06T14:39:22.477Z washington: All warfare is based on deception.
2026-03-06T14:39:22.478Z washington: It is well that war is so terrible, otherwise we should grow too fond of it.
2026-03-06T14:39:22.478Z washington: It is well that war is so terrible, otherwise we should grow too fond of it.
2026-03-06T14:39:22.479Z washington: The hardest thing of all for a soldier is to retreat.
2026-03-06T14:39:22.479Z washington: Never interrupt your enemy when he is making a mistake.
2026-03-06T14:39:22.480Z washington: Never interrupt your enemy when he is making a mistake.
2026-03-06T14:39:22.480Z washington: It is well that war is so terrible, otherwise we should grow too fond of it.
2026-03-06T14:39:22.481Z washington: Never interrupt your enemy when he is making a mistake.
2026-03-06T14:39:22.481Z washington: It is well that war is so terrible, otherwise we should grow too fond of it.
2026-03-06T14:39:22.482Z washington: It is well that war is so terrible, otherwise we should grow too fond of it.
2026-03-06T14:39:22.482Z washington: The art of war is simple enough. Find out where your enemy is. Get at him as soon as you can. Strike him as hard as you can, and keep moving on.
2026-03-06T14:39:22.482Z washington: Never interrupt your enemy when he is making a mistake.
2026-03-06T14:39:22.483Z washington: Never interrupt your enemy when he is making a mistake.
2026-03-06T14:39:22.483Z washington: All warfare is based on deception.
2026-03-06T14:39:22.484Z washington: Never interrupt your enemy when he is making a mistake.
2026-03-06T14:39:22.484Z washington: It is well that war is so terrible, otherwise we should grow too fond of it.
2026-03-06T14:39:22.484Z washington: The hardest thing of all for a soldier is to retreat.
2026-03-06T14:39:22.485Z washington: The art of war is simple enough. Find out where your enemy is. Get at him as soon as you can. Strike him as hard as you can, and keep moving on.
2026-03-06T14:39:22.485Z washington: The hardest thing of all for a soldier is to retreat.
2026-03-06T14:39:22.485Z washington: All warfare is based on deception.
2026-03-06T14:39:22.486Z washington: It is well that war is so terrible, otherwise we should grow too fond of it.
2026-03-06T14:39:22.486Z washington: It is well that war is so terrible, otherwise we should grow too fond of it.
2026-03-06T14:39:22.487Z washington: All warfare is based on deception.
2026-03-06T14:39:22.487Z washington: Never interrupt your enemy when he is making a mistake.
2026-03-06T14:39:22.487Z washington: All warfare is based on deception.
2026-03-06T14:39:22.488Z washington: All warfare is based on deception.
